<?xml version="1.0" encoding="UTF-8"?>
<!-- Generated by org.testng.reporters.JUnitXMLReporter -->
<testsuite ignored="0" hostname="LAPTOP-FAL6AE0F" failures="0" tests="5" name="Default test" time="70.473" errors="0" timestamp="2023-08-16T16:42:50 IST">
  <testcase classname="com.test.LoginTestOne" name="testValidLoginUser_1" time="0.802"/>
  <testcase classname="com.test.LoginTestOne" name="testValidLoginUser_2" time="0.606"/>
  <testcase classname="com.test.LoginTestOne" name="testValidLoginUser_3" time="0.654"/>
  <testcase classname="com.test.LoginTestOne" name="testValidLoginUser_4" time="5.839"/>
  <testcase classname="com.test.LoginTestOne" name="testInvalidLogin" time="0.686"/>
</testsuite> <!-- Default test -->
