<?xml version="1.0" encoding="UTF-8"?>
<testng-results ignored="0" total="5" passed="5" failed="0" skipped="0">
  <reporter-output>
  </reporter-output>
  <suite started-at="2023-08-16T16:41:39 IST" name="Default suite" finished-at="2023-08-16T16:42:50 IST" duration-ms="70473">
    <groups>
    </groups>
    <test started-at="2023-08-16T16:41:39 IST" name="Default test" finished-at="2023-08-16T16:42:50 IST" duration-ms="70473">
      <class name="com.test.LoginTestOne">
        <test-method is-config="true" signature="setup()[pri:0, instance:com.test.LoginTestOne@27f981c6]" started-at="2023-08-16T16:41:39 IST" name="setup" finished-at="2023-08-16T16:42:02 IST" duration-ms="22789" status="PASS">
          <reporter-output>
          </reporter-output>
        </test-method> <!-- setup -->
        <test-method signature="testValidLoginUser_1()[pri:-2, instance:com.test.LoginTestOne@27f981c6]" started-at="2023-08-16T16:42:02 IST" name="testValidLoginUser_1" finished-at="2023-08-16T16:42:03 IST" duration-ms="802" status="PASS">
          <reporter-output>
          </reporter-output>
        </test-method> <!-- testValidLoginUser_1 -->
        <test-method is-config="true" signature="teardown(org.testng.ITestResult)[pri:0, instance:com.test.LoginTestOne@27f981c6]" started-at="2023-08-16T16:42:03 IST" name="teardown" finished-at="2023-08-16T16:42:04 IST" duration-ms="1152" status="PASS">
          <params>
            <param index="0">
              <value>
                <![CDATA[[TestResult name=testValidLoginUser_1 status=SUCCESS method=LoginTestOne.testValidLoginUser_1()[pri:-2, instance:com.test.LoginTestOne@27f981c6] output={null}]]]>
              </value>
            </param>
          </params>
          <reporter-output>
          </reporter-output>
        </test-method> <!-- teardown -->
        <test-method is-config="true" signature="setup()[pri:0, instance:com.test.LoginTestOne@27f981c6]" started-at="2023-08-16T16:42:04 IST" name="setup" finished-at="2023-08-16T16:42:09 IST" duration-ms="5450" status="PASS">
          <reporter-output>
          </reporter-output>
        </test-method> <!-- setup -->
        <test-method signature="testValidLoginUser_2()[pri:-1, instance:com.test.LoginTestOne@27f981c6]" started-at="2023-08-16T16:42:09 IST" name="testValidLoginUser_2" finished-at="2023-08-16T16:42:10 IST" duration-ms="606" status="PASS">
          <reporter-output>
          </reporter-output>
        </test-method> <!-- testValidLoginUser_2 -->
        <test-method is-config="true" signature="teardown(org.testng.ITestResult)[pri:0, instance:com.test.LoginTestOne@27f981c6]" started-at="2023-08-16T16:42:10 IST" name="teardown" finished-at="2023-08-16T16:42:12 IST" duration-ms="1810" status="PASS">
          <params>
            <param index="0">
              <value>
                <![CDATA[[TestResult name=testValidLoginUser_2 status=SUCCESS method=LoginTestOne.testValidLoginUser_2()[pri:-1, instance:com.test.LoginTestOne@27f981c6] output={null}]]]>
              </value>
            </param>
          </params>
          <reporter-output>
          </reporter-output>
        </test-method> <!-- teardown -->
        <test-method is-config="true" signature="setup()[pri:0, instance:com.test.LoginTestOne@27f981c6]" started-at="2023-08-16T16:42:12 IST" name="setup" finished-at="2023-08-16T16:42:20 IST" duration-ms="8139" status="PASS">
          <reporter-output>
          </reporter-output>
        </test-method> <!-- setup -->
        <test-method signature="testValidLoginUser_3()[pri:0, instance:com.test.LoginTestOne@27f981c6]" started-at="2023-08-16T16:42:20 IST" name="testValidLoginUser_3" finished-at="2023-08-16T16:42:21 IST" duration-ms="654" status="PASS">
          <reporter-output>
          </reporter-output>
        </test-method> <!-- testValidLoginUser_3 -->
        <test-method is-config="true" signature="teardown(org.testng.ITestResult)[pri:0, instance:com.test.LoginTestOne@27f981c6]" started-at="2023-08-16T16:42:21 IST" name="teardown" finished-at="2023-08-16T16:42:21 IST" duration-ms="591" status="PASS">
          <params>
            <param index="0">
              <value>
                <![CDATA[[TestResult name=testValidLoginUser_3 status=SUCCESS method=LoginTestOne.testValidLoginUser_3()[pri:0, instance:com.test.LoginTestOne@27f981c6] output={null}]]]>
              </value>
            </param>
          </params>
          <reporter-output>
          </reporter-output>
        </test-method> <!-- teardown -->
        <test-method is-config="true" signature="setup()[pri:0, instance:com.test.LoginTestOne@27f981c6]" started-at="2023-08-16T16:42:21 IST" name="setup" finished-at="2023-08-16T16:42:34 IST" duration-ms="12643" status="PASS">
          <reporter-output>
          </reporter-output>
        </test-method> <!-- setup -->
        <test-method signature="testValidLoginUser_4()[pri:1, instance:com.test.LoginTestOne@27f981c6]" started-at="2023-08-16T16:42:34 IST" name="testValidLoginUser_4" finished-at="2023-08-16T16:42:40 IST" duration-ms="5839" status="PASS">
          <reporter-output>
          </reporter-output>
        </test-method> <!-- testValidLoginUser_4 -->
        <test-method is-config="true" signature="teardown(org.testng.ITestResult)[pri:0, instance:com.test.LoginTestOne@27f981c6]" started-at="2023-08-16T16:42:40 IST" name="teardown" finished-at="2023-08-16T16:42:41 IST" duration-ms="793" status="PASS">
          <params>
            <param index="0">
              <value>
                <![CDATA[[TestResult name=testValidLoginUser_4 status=SUCCESS method=LoginTestOne.testValidLoginUser_4()[pri:1, instance:com.test.LoginTestOne@27f981c6] output={null}]]]>
              </value>
            </param>
          </params>
          <reporter-output>
          </reporter-output>
        </test-method> <!-- teardown -->
        <test-method is-config="true" signature="setup()[pri:0, instance:com.test.LoginTestOne@27f981c6]" started-at="2023-08-16T16:42:41 IST" name="setup" finished-at="2023-08-16T16:42:48 IST" duration-ms="7683" status="PASS">
          <reporter-output>
          </reporter-output>
        </test-method> <!-- setup -->
        <test-method signature="testInvalidLogin()[pri:2, instance:com.test.LoginTestOne@27f981c6]" started-at="2023-08-16T16:42:48 IST" name="testInvalidLogin" finished-at="2023-08-16T16:42:49 IST" duration-ms="686" status="PASS">
          <reporter-output>
          </reporter-output>
        </test-method> <!-- testInvalidLogin -->
        <test-method is-config="true" signature="teardown(org.testng.ITestResult)[pri:0, instance:com.test.LoginTestOne@27f981c6]" started-at="2023-08-16T16:42:49 IST" name="teardown" finished-at="2023-08-16T16:42:50 IST" duration-ms="677" status="PASS">
          <params>
            <param index="0">
              <value>
                <![CDATA[[TestResult name=testInvalidLogin status=SUCCESS method=LoginTestOne.testInvalidLogin()[pri:2, instance:com.test.LoginTestOne@27f981c6] output={null}]]]>
              </value>
            </param>
          </params>
          <reporter-output>
          </reporter-output>
        </test-method> <!-- teardown -->
      </class> <!-- com.test.LoginTestOne -->
    </test> <!-- Default test -->
  </suite> <!-- Default suite -->
</testng-results>
